<?xml version="1.0" encoding="UTF-8"?>
<testsuite name="containers.TestSinglyLinkedListX" tests="21" skipped="0" failures="0" errors="0" timestamp="2022-04-02T20:12:16" hostname="pop-os" time="2.456">
  <properties/>
  <testcase name="testGet()" classname="containers.TestSinglyLinkedListX" time="0.032"/>
  <testcase name="testSet()" classname="containers.TestSinglyLinkedListX" time="0.003"/>
  <testcase name="testClear()" classname="containers.TestSinglyLinkedListX" time="0.001"/>
  <testcase name="testIndex()" classname="containers.TestSinglyLinkedListX" time="0.005"/>
  <testcase name="testSlice()" classname="containers.TestSinglyLinkedListX" time="0.001"/>
  <testcase name="testEach()" classname="containers.TestSinglyLinkedListX" time="0.002"/>
  <testcase name="testSize()" classname="containers.TestSinglyLinkedListX" time="0.001"/>
  <testcase name="testTime()" classname="containers.TestSinglyLinkedListX" time="2.381"/>
  <testcase name="testInsertFillNull()" classname="containers.TestSinglyLinkedListX" time="0.001"/>
  <testcase name="testInsertFillZero()" classname="containers.TestSinglyLinkedListX" time="0.0"/>
  <testcase name="testSetNegativeIndex()" classname="containers.TestSinglyLinkedListX" time="0.006"/>
  <testcase name="testContains()" classname="containers.TestSinglyLinkedListX" time="0.006"/>
  <testcase name="testInsertNegativeIndex()" classname="containers.TestSinglyLinkedListX" time="0.0"/>
  <testcase name="testInsertEnd()" classname="containers.TestSinglyLinkedListX" time="0.001"/>
  <testcase name="testSliceCornerCases()" classname="containers.TestSinglyLinkedListX" time="0.001"/>
  <testcase name="testSetOutOfBounds()" classname="containers.TestSinglyLinkedListX" time="0.0"/>
  <testcase name="testDelete()" classname="containers.TestSinglyLinkedListX" time="0.001"/>
  <testcase name="testGetNegativeIndex()" classname="containers.TestSinglyLinkedListX" time="0.003"/>
  <testcase name="testDeleteNegativeIndex()" classname="containers.TestSinglyLinkedListX" time="0.003"/>
  <testcase name="testIsEmpty()" classname="containers.TestSinglyLinkedListX" time="0.001"/>
  <testcase name="testConstructor()" classname="containers.TestSinglyLinkedListX" time="0.003"/>
  <system-out><![CDATA[Elapsed time: 10
Elapsed time: 2364
]]></system-out>
  <system-err><![CDATA[]]></system-err>
</testsuite>
